<?xml version="1.0" encoding="UTF-8"?>
<!-- Generated by org.testng.reporters.JUnitXMLReporter -->
<testsuite ignored="0" hostname="Nayeem-1998" failures="0" tests="3" name="Test" time="14.517" errors="0" timestamp="2023-11-05T02:36:47 EST">
  <testcase classname="com.TestNgPractice.AutomationLogInWithTestNg" name="getUrl" time="5.81"/>
  <testcase classname="com.TestNgPractice.AutomationLogInWithTestNg" name="getHomePageLogIn" time="5.801"/>
  <testcase classname="com.TestNgPractice.AutomationLogInWithTestNg" name="getLogOut" time="2.811"/>
</testsuite> <!-- Test -->
